Performing C SOURCE FILE Test HAVE___DECLSPEC_DLLEXPORT_ failed with the following output:
Change Dir: /home/schmidt73/Desktop/guidescan-cli/build/CMakeFiles/CMakeTmp

Run Build Command:"/usr/bin/make" "cmTC_9281e/fast"
/usr/bin/make -f CMakeFiles/cmTC_9281e.dir/build.make CMakeFiles/cmTC_9281e.dir/build
make[1]: Entering directory '/home/schmidt73/Desktop/guidescan-cli/build/CMakeFiles/CMakeTmp'
Building C object CMakeFiles/cmTC_9281e.dir/src.c.o
/usr/bin/cc   -Wall -DHAVE___DECLSPEC_DLLEXPORT_   -o CMakeFiles/cmTC_9281e.dir/src.c.o   -c /home/schmidt73/Desktop/guidescan-cli/build/CMakeFiles/CMakeTmp/src.c
/home/schmidt73/Desktop/guidescan-cli/build/CMakeFiles/CMakeTmp/src.c:1:1: warning: return type defaults to ‘int’ [-Wimplicit-int]
    1 | __declspec(dllexport) void func(); void func() { } int main() { func(); return 0; }
      | ^~~~~~~~~~
/home/schmidt73/Desktop/guidescan-cli/build/CMakeFiles/CMakeTmp/src.c: In function ‘__declspec’:
/home/schmidt73/Desktop/guidescan-cli/build/CMakeFiles/CMakeTmp/src.c:1:48: error: expected ‘=’, ‘,’, ‘;’, ‘asm’ or ‘__attribute__’ before ‘{’ token
    1 | __declspec(dllexport) void func(); void func() { } int main() { func(); return 0; }
      |                                                ^
/home/schmidt73/Desktop/guidescan-cli/build/CMakeFiles/CMakeTmp/src.c:1:63: error: expected ‘=’, ‘,’, ‘;’, ‘asm’ or ‘__attribute__’ before ‘{’ token
    1 | __declspec(dllexport) void func(); void func() { } int main() { func(); return 0; }
      |                                                               ^
/home/schmidt73/Desktop/guidescan-cli/build/CMakeFiles/CMakeTmp/src.c:1:1: warning: type of ‘dllexport’ defaults to ‘int’ [-Wimplicit-int]
    1 | __declspec(dllexport) void func(); void func() { } int main() { func(); return 0; }
      | ^~~~~~~~~~
/home/schmidt73/Desktop/guidescan-cli/build/CMakeFiles/CMakeTmp/src.c:1:28: error: declaration for parameter ‘func’ but no such parameter
    1 | __declspec(dllexport) void func(); void func() { } int main() { func(); return 0; }
      |                            ^~~~
/home/schmidt73/Desktop/guidescan-cli/build/CMakeFiles/CMakeTmp/src.c:1: error: expected ‘{’ at end of input
    1 | __declspec(dllexport) void func(); void func() { } int main() { func(); return 0; }
      | 
/home/schmidt73/Desktop/guidescan-cli/build/CMakeFiles/CMakeTmp/src.c:1:63: warning: control reaches end of non-void function [-Wreturn-type]
    1 | __declspec(dllexport) void func(); void func() { } int main() { func(); return 0; }
      |                                                               ^
make[1]: *** [CMakeFiles/cmTC_9281e.dir/build.make:66: CMakeFiles/cmTC_9281e.dir/src.c.o] Error 1
make[1]: Leaving directory '/home/schmidt73/Desktop/guidescan-cli/build/CMakeFiles/CMakeTmp'
make: *** [Makefile:121: cmTC_9281e/fast] Error 2

Source file was:
__declspec(dllexport) void func(); void func() { } int main() { func(); return 0; }
Performing C SOURCE FILE Test HAVE___DECLSPEC_DLLIMPORT_ failed with the following output:
Change Dir: /home/schmidt73/Desktop/guidescan-cli/build/CMakeFiles/CMakeTmp

Run Build Command:"/usr/bin/make" "cmTC_c7574/fast"
/usr/bin/make -f CMakeFiles/cmTC_c7574.dir/build.make CMakeFiles/cmTC_c7574.dir/build
make[1]: Entering directory '/home/schmidt73/Desktop/guidescan-cli/build/CMakeFiles/CMakeTmp'
Building C object CMakeFiles/cmTC_c7574.dir/src.c.o
/usr/bin/cc   -Wall -DHAVE___DECLSPEC_DLLIMPORT_   -o CMakeFiles/cmTC_c7574.dir/src.c.o   -c /home/schmidt73/Desktop/guidescan-cli/build/CMakeFiles/CMakeTmp/src.c
/home/schmidt73/Desktop/guidescan-cli/build/CMakeFiles/CMakeTmp/src.c:1:1: warning: return type defaults to ‘int’ [-Wimplicit-int]
    1 | __declspec(dllimport) void func(); void func() { } int main() { func(); return 0; }
      | ^~~~~~~~~~
/home/schmidt73/Desktop/guidescan-cli/build/CMakeFiles/CMakeTmp/src.c: In function ‘__declspec’:
/home/schmidt73/Desktop/guidescan-cli/build/CMakeFiles/CMakeTmp/src.c:1:48: error: expected ‘=’, ‘,’, ‘;’, ‘asm’ or ‘__attribute__’ before ‘{’ token
    1 | __declspec(dllimport) void func(); void func() { } int main() { func(); return 0; }
      |                                                ^
/home/schmidt73/Desktop/guidescan-cli/build/CMakeFiles/CMakeTmp/src.c:1:63: error: expected ‘=’, ‘,’, ‘;’, ‘asm’ or ‘__attribute__’ before ‘{’ token
    1 | __declspec(dllimport) void func(); void func() { } int main() { func(); return 0; }
      |                                                               ^
/home/schmidt73/Desktop/guidescan-cli/build/CMakeFiles/CMakeTmp/src.c:1:1: warning: type of ‘dllimport’ defaults to ‘int’ [-Wimplicit-int]
    1 | __declspec(dllimport) void func(); void func() { } int main() { func(); return 0; }
      | ^~~~~~~~~~
/home/schmidt73/Desktop/guidescan-cli/build/CMakeFiles/CMakeTmp/src.c:1:28: error: declaration for parameter ‘func’ but no such parameter
    1 | __declspec(dllimport) void func(); void func() { } int main() { func(); return 0; }
      |                            ^~~~
/home/schmidt73/Desktop/guidescan-cli/build/CMakeFiles/CMakeTmp/src.c:1: error: expected ‘{’ at end of input
    1 | __declspec(dllimport) void func(); void func() { } int main() { func(); return 0; }
      | 
/home/schmidt73/Desktop/guidescan-cli/build/CMakeFiles/CMakeTmp/src.c:1:63: warning: control reaches end of non-void function [-Wreturn-type]
    1 | __declspec(dllimport) void func(); void func() { } int main() { func(); return 0; }
      |                                                               ^
make[1]: *** [CMakeFiles/cmTC_c7574.dir/build.make:66: CMakeFiles/cmTC_c7574.dir/src.c.o] Error 1
make[1]: Leaving directory '/home/schmidt73/Desktop/guidescan-cli/build/CMakeFiles/CMakeTmp'
make: *** [Makefile:121: cmTC_c7574/fast] Error 2

Source file was:
__declspec(dllimport) void func(); void func() { } int main() { func(); return 0; }
Determining if the pthread_create exist failed with the following output:
Change Dir: /home/schmidt73/Desktop/guidescan-cli/build/CMakeFiles/CMakeTmp

Run Build Command:"/usr/bin/make" "cmTC_13bf8/fast"
/usr/bin/make -f CMakeFiles/cmTC_13bf8.dir/build.make CMakeFiles/cmTC_13bf8.dir/build
make[1]: Entering directory '/home/schmidt73/Desktop/guidescan-cli/build/CMakeFiles/CMakeTmp'
Building C object CMakeFiles/cmTC_13bf8.dir/CheckSymbolExists.c.o
/usr/bin/cc    -o CMakeFiles/cmTC_13bf8.dir/CheckSymbolExists.c.o   -c /home/schmidt73/Desktop/guidescan-cli/build/CMakeFiles/CMakeTmp/CheckSymbolExists.c
Linking C executable cmTC_13bf8
/usr/bin/cmake -E cmake_link_script CMakeFiles/cmTC_13bf8.dir/link.txt --verbose=1
/usr/bin/cc      -rdynamic CMakeFiles/cmTC_13bf8.dir/CheckSymbolExists.c.o  -o cmTC_13bf8 
/usr/bin/ld: CMakeFiles/cmTC_13bf8.dir/CheckSymbolExists.c.o: in function `main':
CheckSymbolExists.c:(.text+0x1f): undefined reference to `pthread_create'
collect2: error: ld returned 1 exit status
make[1]: *** [CMakeFiles/cmTC_13bf8.dir/build.make:87: cmTC_13bf8] Error 1
make[1]: Leaving directory '/home/schmidt73/Desktop/guidescan-cli/build/CMakeFiles/CMakeTmp'
make: *** [Makefile:121: cmTC_13bf8/fast] Error 2

File /home/schmidt73/Desktop/guidescan-cli/build/CMakeFiles/CMakeTmp/CheckSymbolExists.c:
/* */
#include <pthread.h>

int main(int argc, char** argv)
{
  (void)argv;
#ifndef pthread_create
  return ((int*)(&pthread_create))[argc];
#else
  (void)argc;
  return 0;
#endif
}

Determining if the function pthread_create exists in the pthreads failed with the following output:
Change Dir: /home/schmidt73/Desktop/guidescan-cli/build/CMakeFiles/CMakeTmp

Run Build Command:"/usr/bin/make" "cmTC_13c88/fast"
/usr/bin/make -f CMakeFiles/cmTC_13c88.dir/build.make CMakeFiles/cmTC_13c88.dir/build
make[1]: Entering directory '/home/schmidt73/Desktop/guidescan-cli/build/CMakeFiles/CMakeTmp'
Building C object CMakeFiles/cmTC_13c88.dir/CheckFunctionExists.c.o
/usr/bin/cc   -DCHECK_FUNCTION_EXISTS=pthread_create   -o CMakeFiles/cmTC_13c88.dir/CheckFunctionExists.c.o   -c /usr/share/cmake-3.13/Modules/CheckFunctionExists.c
Linking C executable cmTC_13c88
/usr/bin/cmake -E cmake_link_script CMakeFiles/cmTC_13c88.dir/link.txt --verbose=1
/usr/bin/cc  -DCHECK_FUNCTION_EXISTS=pthread_create    -rdynamic CMakeFiles/cmTC_13c88.dir/CheckFunctionExists.c.o  -o cmTC_13c88 -lpthreads 
/usr/bin/ld: cannot find -lpthreads
collect2: error: ld returned 1 exit status
make[1]: *** [CMakeFiles/cmTC_13c88.dir/build.make:87: cmTC_13c88] Error 1
make[1]: Leaving directory '/home/schmidt73/Desktop/guidescan-cli/build/CMakeFiles/CMakeTmp'
make: *** [Makefile:121: cmTC_13c88/fast] Error 2


